{
  "ResponseMetadata": {
    "RequestId": "2025031022125036785A23308C143736C0",
    "Action": "ListAddons",
    "Version": "2022-05-12",
    "Service": "vke",
    "Region": "cn-shanghai"
  },
  "Result": {
    "Items": [
      {
        "ClusterId": "ccqvhpa4bnqk939fl00u0",
        "Name": "cluster-autoscaler",
        "Version": "v1.28.0-vke.6",
        "DeployMode": "Managed",
        "Config": "{\"ScanInterval\":\"10s\",\"ScaleDown\":{\"Enabled\":true,\"UtilizationThreshold\":0.67,\"GpuUtilizationThreshold\":0.5,\"UnneededTime\":10,\"DelayAfterAdded\":10,\"DelayAfterFailure\":3,\"SkipNodesWithLocalStorageDisabled\":false,\"SkipNodesWithSystemPodsDisabled\":false,\"MaxEmptyBulkDeleteNumber\":5,\"MinReplicas\":0,\"MaxGracefulTermination\":600,\"DaemonSetEvictionForNodesDisabled\":true},\"ScaleUp\":{\"Expander\":\"random\"}}",
        "CreateTime": "2024-10-28 18:00:07.952651 +0800 CST",
        "UpdateTime": "2024-11-17 11:20:06.472366 +0800 CST",
        "Status": {
          "Phase": "Running",
          "Conditions": [
            {
              "Type": "Ok"
            }
          ]
        },
        "CreateClientToken": "",
        "UpdateClientToken": "",
        "ClusterType": ""
      },
      {
        "ClusterId": "ccqvhpa4bnqk939fl00u0",
        "Name": "core-dns",
        "Version": "1.10.1-vke.400",
        "DeployMode": "Unmanaged",
        "DeployNodeType": "Node",
        "Config": "{\"Resources\":{\"Requests\":{\"Cpu\":\"2\",\"Memory\":\"4Gi\"}}}",
        "CreateTime": "2024-08-16 17:32:26.04763 +0800 CST",
        "UpdateTime": "2024-08-16 17:32:26.04763 +0800 CST",
        "Status": {
          "Phase": "Running",
          "Conditions": [
            {
              "Type": "Ok"
            }
          ]
        },
        "CreateClientToken": "",
        "UpdateClientToken": "",
        "ClusterType": ""
      },
      {
        "ClusterId": "ccqvhpa4bnqk939fl00u0",
        "Name": "csi-ebs",
        "Version": "v1.2.5",
        "DeployMode": "Unmanaged",
        "DeployNodeType": "Node",
        "CreateTime": "2024-08-16 17:32:26.057476 +0800 CST",
        "UpdateTime": "2024-11-25 18:24:30.878092 +0800 CST",
        "Status": {
          "Phase": "Running",
          "Conditions": [
            {
              "Type": "Ok"
            }
          ]
        },
        "CreateClientToken": "",
        "UpdateClientToken": "",
        "ClusterType": ""
      },
      {
        "ClusterId": "ccqvhpa4bnqk939fl00u0",
        "Name": "csi-nas",
        "Version": "v1.2.6",
        "DeployMode": "Unmanaged",
        "DeployNodeType": "Node",
        "CreateTime": "2024-08-16 17:32:26.20494 +0800 CST",
        "UpdateTime": "2024-11-25 18:24:19.00933 +0800 CST",
        "Status": {
          "Phase": "Running",
          "Conditions": [
            {
              "Type": "Ok"
            }
          ]
        },
        "CreateClientToken": "",
        "UpdateClientToken": "",
        "ClusterType": ""
      },
      {
        "ClusterId": "ccqvhpa4bnqk939fl00u0",
        "Name": "csi-tos",
        "Version": "v0.2.9",
        "DeployMode": "Unmanaged",
        "DeployNodeType": "Node",
        "CreateTime": "2024-12-12 10:45:12.728313 +0800 CST",
        "UpdateTime": "2024-12-12 10:45:12.728313 +0800 CST",
        "Status": {
          "Phase": "Running",
          "Conditions": [
            {
              "Type": "Ok"
            }
          ]
        },
        "CreateClientToken": "",
        "UpdateClientToken": "",
        "ClusterType": ""
      },
      {
        "ClusterId": "ccqvhpa4bnqk939fl00u0",
        "Name": "event-collector",
        "Version": "v1.0.8",
        "DeployMode": "Unmanaged",
        "DeployNodeType": "Node",
        "Config": "{\"TopicId\":\"53c3715c-d5cc-4ea8-ae7a-24c6039c1104\",\"ProjectId\":\"7d1c61be-d155-4766-9e88-4b3f80f69b03\"}",
        "CreateTime": "2024-11-25 18:37:10.498691 +0800 CST",
        "UpdateTime": "2024-11-25 18:37:10.498691 +0800 CST",
        "Status": {
          "Phase": "Running",
          "Conditions": [
            {
              "Type": "Ok"
            }
          ]
        },
        "CreateClientToken": "",
        "UpdateClientToken": "",
        "ClusterType": ""
      },
      {
        "ClusterId": "ccqvhpa4bnqk939fl00u0",
        "Name": "ingress-nginx",
        "Version": "v1.9.5-vke.2",
        "DeployMode": "Unmanaged",
        "DeployNodeType": "VirtualNode",
        "Config": "{\"Replicas\":2,\"Resources\":{\"Requests\":{\"Cpu\":\"0.1\",\"Memory\":\"250Mi\"},\"Limits\":{\"Cpu\":\"0.5\",\"Memory\":\"1024Mi\"}},\"LoadBalancer\":{\"BillingType\":2,\"Spec\":\"medium_2\",\"ModificationProtectionDisabled\":false,\"MasterZoneId\":\"cn-shanghai-a\",\"SlaveZoneId\":\"cn-shanghai-b\"},\"PublicNetwork\":{\"Isp\":\"BGP\",\"BandWidth\":100,\"IpFamily\":\"Ipv4\",\"BillingType\":3,\"SubnetId\":\"subnet-5gfoskjvbhts73inqkkgo6ow\"}}",
        "CreateTime": "2024-08-17 20:55:13.603835 +0800 CST",
        "UpdateTime": "2024-08-17 20:55:13.603835 +0800 CST",
        "Status": {
          "Phase": "Running",
          "Conditions": [
            {
              "Type": "Ok"
            }
          ]
        },
        "CreateClientToken": "",
        "UpdateClientToken": "",
        "ClusterType": ""
      },
      {
        "ClusterId": "ccqvhpa4bnqk939fl00u0",
        "Name": "log-collector",
        "Version": "v2.0.8",
        "DeployMode": "Unmanaged",
        "DeployNodeType": "Node",
        "Config": "{\"Controller\":{\"Resources\":{\"Requests\":{\"Cpu\":\"0.1\",\"Memory\":\"256Mi\"},\"Limits\":{\"Cpu\":\"4\",\"Memory\":\"2Gi\"}}},\"Filebeat\":{\"Resources\":{\"Requests\":{\"Cpu\":\"0.1\",\"Memory\":\"256Mi\"},\"Limits\":{\"Cpu\":\"4\",\"Memory\":\"2Gi\"}}}}",
        "CreateTime": "2024-09-23 11:59:58.336432 +0800 CST",
        "UpdateTime": "2024-09-23 11:59:58.336432 +0800 CST",
        "Status": {
          "Phase": "Running",
          "Conditions": [
            {
              "Type": "Ok"
            }
          ]
        },
        "CreateClientToken": "",
        "UpdateClientToken": "",
        "ClusterType": ""
      },
      {
        "ClusterId": "ccqvhpa4bnqk939fl00u0",
        "Name": "metrics-collector",
        "Version": "v1.24.0-vke.2",
        "DeployMode": "Unmanaged",
        "DeployNodeType": "Node",
        "Config": "{\"KubeStateMetrics\":{\"Resources\":{\"Limits\":{\"Cpu\":\"0.8\",\"Memory\":\"2Gi\"},\"Requests\":{\"Cpu\":\"0.2\",\"Memory\":\"512Mi\"}}},\"MetricsCollector\":{\"Resources\":{\"Limits\":{\"Cpu\":\"2\",\"Memory\":\"4Gi\"},\"Requests\":{\"Cpu\":\"0.2\",\"Memory\":\"512Mi\"}}}}",
        "CreateTime": "2024-09-12 15:19:43.479381 +0800 CST",
        "UpdateTime": "2024-09-12 15:19:43.479381 +0800 CST",
        "Status": {
          "Phase": "Running",
          "Conditions": [
            {
              "Type": "Ok"
            }
          ]
        },
        "CreateClientToken": "",
        "UpdateClientToken": "",
        "ClusterType": ""
      },
      {
        "ClusterId": "ccqvhpa4bnqk939fl00u0",
        "Name": "metrics-server",
        "Version": "v0.7.1-vke.2",
        "DeployMode": "Unmanaged",
        "DeployNodeType": "Node",
        "CreateTime": "2024-08-16 17:32:26.189432 +0800 CST",
        "UpdateTime": "2024-09-23 12:23:40.056786 +0800 CST",
        "Status": {
          "Phase": "Running",
          "Conditions": [
            {
              "Type": "Ok"
            }
          ]
        },
        "CreateClientToken": "",
        "UpdateClientToken": "",
        "ClusterType": ""
      },
      {
        "ClusterId": "ccqvhpa4bnqk939fl00u0",
        "Name": "node-problem-detector",
        "Version": "v0.8.19-vke.2",
        "DeployMode": "Unmanaged",
        "DeployNodeType": "Node",
        "CreateTime": "2024-10-25 19:12:54.32211 +0800 CST",
        "UpdateTime": "2024-10-25 19:12:54.32211 +0800 CST",
        "Status": {
          "Phase": "Running",
          "Conditions": [
            {
              "Type": "Ok"
            }
          ]
        },
        "CreateClientToken": "",
        "UpdateClientToken": "",
        "ClusterType": ""
      },
      {
        "ClusterId": "ccqvhpa4bnqk939fl00u0",
        "Name": "prometheus-agent",
        "Version": "v2.6.0-vke.1.24",
        "DeployMode": "Unmanaged",
        "DeployNodeType": "Node",
        "Config": "{\"NodeExporterDisabled\":false,\"AutoScalingEnabled\":false,\"VmAgent\":{\"InitShards\":1,\"Requests\":{\"Cpu\":\"2\",\"Memory\":\"2Gi\"},\"Limits\":{\"Cpu\":\"4\",\"Memory\":\"4Gi\"}},\"KubeStateMetrics\":{\"InitShards\":1,\"Requests\":{\"Cpu\":\"0.2\",\"Memory\":\"512Mi\"},\"Limits\":{\"Cpu\":\"0.8\",\"Memory\":\"2Gi\"}}}",
        "CreateTime": "2024-11-25 19:09:58.665605 +0800 CST",
        "UpdateTime": "2024-11-25 19:09:58.665605 +0800 CST",
        "Status": {
          "Phase": "Running",
          "Conditions": [
            {
              "Type": "Ok"
            }
          ]
        },
        "CreateClientToken": "",
        "UpdateClientToken": "",
        "ClusterType": ""
      },
      {
        "ClusterId": "ccqvhpa4bnqk939fl00u0",
        "Name": "scheduler-plugin",
        "Version": "v1.0.10",
        "DeployMode": "Managed",
        "Config": "{\"NodePolicy\":\"spread\",\"ResourceWeights\":[{\"Name\":\"Cpu\",\"Weight\":1},{\"Name\":\"Memory\",\"Weight\":1}],\"PodTopologySpreadWeight\":2,\"GPUShareCardPolicy\":\"binpack\",\"GangSchedulingEnabled\":false,\"ResourcePolicySchedulingEnabled\":false,\"NodeAffinityWeight\":2}",
        "CreateTime": "2024-08-16 17:32:26.038111 +0800 CST",
        "UpdateTime": "2024-08-16 17:32:26.038111 +0800 CST",
        "Status": {
          "Phase": "Running",
          "Conditions": [
            {
              "Type": "Ok"
            }
          ]
        },
        "CreateClientToken": "",
        "UpdateClientToken": "",
        "ClusterType": ""
      },
      {
        "ClusterId": "ccqvhpa4bnqk939fl00u0",
        "Name": "snapshot-controller",
        "Version": "v6.2.1-vke.1",
        "DeployMode": "Unmanaged",
        "DeployNodeType": "Node",
        "CreateTime": "2024-08-16 17:32:26.029003 +0800 CST",
        "UpdateTime": "2024-08-16 17:32:26.029003 +0800 CST",
        "Status": {
          "Phase": "Running",
          "Conditions": [
            {
              "Type": "Ok"
            }
          ]
        },
        "CreateClientToken": "",
        "UpdateClientToken": "",
        "ClusterType": ""
      },
      {
        "ClusterId": "ccqvhpa4bnqk939fl00u0",
        "Name": "vci-virtual-kubelet",
        "Version": "v1.37.0",
        "DeployMode": "Managed",
        "CreateTime": "2024-08-16 17:32:26.068201 +0800 CST",
        "UpdateTime": "2024-08-16 17:32:26.068201 +0800 CST",
        "Status": {
          "Phase": "Running",
          "Conditions": [
            {
              "Type": "Ok"
            }
          ]
        },
        "CreateClientToken": "",
        "UpdateClientToken": "",
        "ClusterType": ""
      },
      {
        "ClusterId": "ccqvhpa4bnqk939fl00u0",
        "Name": "vpc-cni",
        "Version": "v1.7.9",
        "DeployMode": "Unmanaged",
        "DeployNodeType": "Node",
        "CreateTime": "2024-08-16 17:32:25.218477 +0800 CST",
        "UpdateTime": "2024-08-16 17:32:25.218477 +0800 CST",
        "Status": {
          "Phase": "Running",
          "Conditions": [
            {
              "Type": "Ok"
            }
          ]
        },
        "CreateClientToken": "1915a675234-611205803669296-cni",
        "UpdateClientToken": "",
        "ClusterType": ""
      }
    ],
    "PageNumber": 1,
    "PageSize": 100,
    "TotalCount": 19
  }
}