{
  "ResponseMetadata": {
    "RequestId": "20250227154531A6BBD6C40B5CDB003E25-3004fa",
    "Action": "DescribeDBInstanceDetail",
    "Version": "2022-01-01",
    "Service": "mongodb",
    "Region": "cn-shanghai"
  },
  "Result": {
    "DBInstance": {
      "AutoRenew": true,
      "ChargeStatus": "Normal",
      "ChargeType": "Prepaid",
      "ClosedTime": "2025-04-04T04:00:00Z",
      "ConfigServers": [
        {
          "ConfigServerNodeId": "mongo-shard-1691195be0b7-config-0",
          "NodeRole": "Primary",
          "NodeSpec": "mongo.config.1c2g",
          "NodeStatus": "Running",
          "TotalMemoryGB": 2,
          "TotalStorageGB": 20,
          "TotalvCPU": 1,
          "UsedMemoryGB": 0.4314079284667969,
          "UsedStorageGB": 0.6579426089301705,
          "UsedvCPU": 0.014638057,
          "ZoneId": "cn-shanghai-a"
        },
        {
          "ConfigServerNodeId": "mongo-shard-1691195be0b7-config-1",
          "NodeRole": "Secondary",
          "NodeSpec": "mongo.config.1c2g",
          "NodeStatus": "Running",
          "TotalMemoryGB": 2,
          "TotalStorageGB": 20,
          "TotalvCPU": 1,
          "UsedMemoryGB": 0.39250946044921875,
          "UsedStorageGB": 0.6643667351454496,
          "UsedvCPU": 0.014169188,
          "ZoneId": "cn-shanghai-b"
        },
        {
          "ConfigServerNodeId": "mongo-shard-1691195be0b7-config-2",
          "NodeRole": "Hidden",
          "NodeSpec": "mongo.config.1c2g",
          "NodeStatus": "Running",
          "TotalMemoryGB": 2,
          "TotalStorageGB": 20,
          "TotalvCPU": 1,
          "UsedMemoryGB": 0.40484619140625,
          "UsedStorageGB": 0.7162107266485691,
          "UsedvCPU": 0.009599241,
          "ZoneId": "cn-shanghai-c"
        }
      ],
      "ConfigServersId": "mongo-shard-1691195be0b7-config",
      "CreateTime": "2025-01-03T07:48:04Z",
      "DBEngine": "MongoDB",
      "DBEngineVersion": "MongoDB_6_0",
      "DBEngineVersionStr": "MongoDB 6.0",
      "ExpiredTime": "2025-04-03T15:59:59Z",
      "InstanceId": "mongo-shard-1691195be0b7",
      "InstanceName": "crazyai-dev-mongo",
      "InstanceStatus": "Running",
      "InstanceType": "ShardedCluster",
      "Mongos": [
        {
          "MongosNodeId": "mongo-shard-1691195be0b7-0",
          "NodeSpec": "mongo.mongos.1c2g",
          "NodeStatus": "Running",
          "TotalMemoryGB": 2,
          "TotalvCPU": 1,
          "UsedMemoryGB": 0.07263565063476562,
          "UsedvCPU": 0.008301788,
          "ZoneId": "cn-shanghai-a"
        },
        {
          "MongosNodeId": "mongo-shard-1691195be0b7-1",
          "NodeSpec": "mongo.mongos.1c2g",
          "NodeStatus": "Running",
          "TotalMemoryGB": 2,
          "TotalvCPU": 1,
          "UsedMemoryGB": 0.053249359130859375,
          "UsedvCPU": 0.008026757,
          "ZoneId": "cn-shanghai-b"
        }
      ],
      "MongosId": "mongo-shard-1691195be0b7",
      "NetworkType": "Private",
      "PrivateEndpoint": "mongodb://<user>:<password>@mongoshard1691195be0b70.mongodb.ivolces.com:3717,mongoshard1691195be0b71.mongodb.ivolces.com:3717/?authSource=admin&retryWrites=true",
      "ProjectName": "default",
      "ReadOnlyNodeNumber": 0,
      "ReclaimTime": "2025-04-10T15:59:59Z",
      "Shards": [
        {
          "Nodes": [
            {
              "NodeDelayTime": 0,
              "NodeId": "mongo-shard-1691195be0b7-s0-0",
              "NodeRole": "Primary",
              "NodeSpec": "mongo.shard.1c2g",
              "NodeStatus": "Running",
              "TotalMemoryGB": 2,
              "TotalStorageGB": 20,
              "TotalvCPU": 1,
              "UsedMemoryGB": 0.3679618835449219,
              "UsedStorageGB": 0.590135489590466,
              "UsedvCPU": 0.013883841,
              "ZoneId": "cn-shanghai-a"
            },
            {
              "NodeDelayTime": 0,
              "NodeId": "mongo-shard-1691195be0b7-s0-1",
              "NodeRole": "Secondary",
              "NodeSpec": "mongo.shard.1c2g",
              "NodeStatus": "Running",
              "TotalMemoryGB": 2,
              "TotalStorageGB": 20,
              "TotalvCPU": 1,
              "UsedMemoryGB": 0.39804840087890625,
              "UsedStorageGB": 0.5776551468297839,
              "UsedvCPU": 0.011551386000000002,
              "ZoneId": "cn-shanghai-b"
            },
            {
              "NodeDelayTime": 0,
              "NodeId": "mongo-shard-1691195be0b7-s0-2",
              "NodeRole": "Hidden",
              "NodeSpec": "mongo.shard.1c2g",
              "NodeStatus": "Running",
              "TotalMemoryGB": 2,
              "TotalStorageGB": 20,
              "TotalvCPU": 1,
              "UsedMemoryGB": 0.440093994140625,
              "UsedStorageGB": 0.6561029693111777,
              "UsedvCPU": 0.009298528,
              "ZoneId": "cn-shanghai-c"
            }
          ],
          "ShardId": "mongo-shard-1691195be0b7-s0"
        },
        {
          "Nodes": [
            {
              "NodeDelayTime": 0,
              "NodeId": "mongo-shard-1691195be0b7-s1-0",
              "NodeRole": "Primary",
              "NodeSpec": "mongo.shard.1c2g",
              "NodeStatus": "Running",
              "TotalMemoryGB": 2,
              "TotalStorageGB": 20,
              "TotalvCPU": 1,
              "UsedMemoryGB": 0.25823211669921875,
              "UsedStorageGB": 0.5464599328115582,
              "UsedvCPU": 0.014842694,
              "ZoneId": "cn-shanghai-a"
            },
            {
              "NodeDelayTime": 0,
              "NodeId": "mongo-shard-1691195be0b7-s1-1",
              "NodeRole": "Secondary",
              "NodeSpec": "mongo.shard.1c2g",
              "NodeStatus": "Running",
              "TotalMemoryGB": 2,
              "TotalStorageGB": 20,
              "TotalvCPU": 1,
              "UsedMemoryGB": 0.20267486572265625,
              "UsedStorageGB": 0.5484057711437345,
              "UsedvCPU": 0.011465011,
              "ZoneId": "cn-shanghai-b"
            },
            {
              "NodeDelayTime": 0,
              "NodeId": "mongo-shard-1691195be0b7-s1-2",
              "NodeRole": "Hidden",
              "NodeSpec": "mongo.shard.1c2g",
              "NodeStatus": "Running",
              "TotalMemoryGB": 2,
              "TotalStorageGB": 20,
              "TotalvCPU": 1,
              "UsedMemoryGB": 0.24786758422851562,
              "UsedStorageGB": 0.6320446003228426,
              "UsedvCPU": 0.008647798,
              "ZoneId": "cn-shanghai-c"
            }
          ],
          "ShardId": "mongo-shard-1691195be0b7-s1"
        }
      ],
      "SpecType": "GENERAL",
      "StorageType": "LocalSSD",
      "SubnetId": "subnet-22jqp154rgum87r2qr1lfsh2i",
      "UpdateTime": "2025-02-23T16:30:00Z",
      "VpcId": "vpc-5gzbikydzo5c73inqko9nmw1",
      "ZoneId": "cn-shanghai-a,cn-shanghai-b,cn-shanghai-c"
    }
  }
}




  "Result": {
    "DBInstances": [
      {
        "AutoRenew": true,
        "ChargeStatus": "Normal",
        "ChargeType": "Prepaid",
        "ClosedTime": "2025-04-04T04:00:00Z",
        "ConfigServersId": "mongo-shard-1691195be0b7-config",
        "CreateTime": "2025-01-03T07:48:04Z",
        "DBEngine": "MongoDB",
        "DBEngineVersion": "MongoDB_6_0",
        "DBEngineVersionStr": "MongoDB 6.0",
        "ExpiredTime": "2025-04-03T15:59:59Z",
        "InstanceId": "mongo-shard-1691195be0b7",
        "InstanceName": "crazyai-dev-mongo",
        "InstanceStatus": "Running",
        "InstanceType": "ShardedCluster",
        "MongosId": "mongo-shard-1691195be0b7",
        "PrivateEndpoint": "mongodb://<user>:<password>@mongoshard1691195be0b70.mongodb.ivolces.com:3717,mongoshard1691195be0b71.mongodb.ivolces.com:3717/?authSource=admin&retryWrites=true",
        "ProjectName": "default",
        "ReadOnlyNodeNumber": 0,
        "ReclaimTime": "2025-04-10T15:59:59Z",
        "SpecType": "GENERAL",
        "StorageType": "LocalSSD",
        "SubnetId": "subnet-22jqp154rgum87r2qr1lfsh2i",
        "UpdateTime": "2025-02-23T16:30:00Z",
        "VpcId": "vpc-5gzbikydzo5c73inqko9nmw1",
        "ZoneId": "cn-shanghai-a,cn-shanghai-b,cn-shanghai-c"
      }
    ],
    "Total": 1
  }
}